<?xml version="1.0" encoding="UTF-8"?>
<testsuite xmlns:xsi="http://www.w3.org/2001/XMLSchema-instance" xsi:noNamespaceSchemaLocation="https://maven.apache.org/surefire/maven-surefire-plugin/xsd/surefire-test-report-3.0.xsd" version="3.0" name="com.cicd.platform.worker.service.DuplicateJobGuardTest" time="0.011" tests="7" errors="0" skipped="0" failures="0">
  <properties>
[...]
</properties>
  <testcase name="failedJobCanBeReacquired" classname="com.cicd.platform.worker.service.DuplicateJobGuardTest" time="0.001"/>
  <testcase name="duplicateWhileRunningIsRejected" classname="com.cicd.platform.worker.service.DuplicateJobGuardTest" time="0.001"/>
  <testcase name="runningJobsAreTracked" classname="com.cicd.platform.worker.service.DuplicateJobGuardTest" time="0.001"/>
  <testcase name="duplicateAfterCompletionIsRejected" classname="com.cicd.platform.worker.service.DuplicateJobGuardTest" time="0.0"/>
  <testcase name="differentJobsAreIndependent" classname="com.cicd.platform.worker.service.DuplicateJobGuardTest" time="0.001"/>
  <testcase name="concurrentAcquireClaimsOnce" classname="com.cicd.platform.worker.service.DuplicateJobGuardTest" time="0.004"/>
  <testcase name="firstAcquireSucceeds" classname="com.cicd.platform.worker.service.DuplicateJobGuardTest" time="0.0"/>
</testsuite>