<?xml version="1.0" encoding="UTF-8"?>
<testsuite xmlns:xsi="http://www.w3.org/2001/XMLSchema-instance" xsi:noNamespaceSchemaLocation="https://maven.apache.org/surefire/maven-failsafe-plugin/xsd/failsafe-test-report-3.0.xsd" version="3.0" name="com.cicd.platform.worker.execution.CommandTimeoutIT" time="6.614" tests="1" errors="0" skipped="0" failures="0">
  <properties>
[...]
</properties>
  <testcase name="commandTimeoutIsReported" classname="com.cicd.platform.worker.execution.CommandTimeoutIT" time="3.066">
    <system-out><![CDATA[18:02:32.512 [main] INFO org.springframework.test.context.support.AnnotationConfigContextLoaderUtils -- Could not detect default configuration classes for test class [com.cicd.platform.worker.execution.CommandTimeoutIT]: CommandTimeoutIT does not declare any static, non-private, non-final, nested classes annotated with @Configuration.
18:02:32.645 [main] INFO org.springframework.boot.test.context.SpringBootTestContextBootstrapper -- Found @SpringBootConfiguration com.cicd.platform.worker.WorkerApplication for test class com.cicd.platform.worker.execution.CommandTimeoutIT

  .   ____          _            __ _ _
 /\\ / ___'_ __ _ _(_)_ __  __ _ \ \ \ \
( ( )\___ | '_ | '_| | '_ \/ _` | \ \ \ \
 \\/  ___)| |_)| | | | | || (_| |  ) ) ) )
  '  |____| .__|_| |_|_| |_\__, | / / / /
 =========|_|==============|___/=/_/_/_/

 :: Spring Boot ::                (v3.3.5)

2026-08-16 18:02:33.117 INFO  [main] [] [] [] [] [] c.c.p.w.execution.CommandTimeoutIT - Starting CommandTimeoutIT using Java 21.0.12 with PID 37128 (started by Aanya Aggarwal in C:\Users\Aanya Aggarwal\Downloads\RealShield-Deepfake-Detection-Digital-Identity-Verifier-main\RealShield-Deepfake-Detection-Digital-Identity-Verifier-main\worker)
2026-08-16 18:02:33.118 INFO  [main] [] [] [] [] [] c.c.p.w.execution.CommandTimeoutIT - No active profile set, falling back to 1 default profile: "default"
2026-08-16 18:02:34.451 WARN  [main] [] [] [] [] [] c.c.p.worker.config.SandboxConfig - Execution sandbox mode = PROCESS. Untrusted commands run as child OS processes on the worker host. This is NOT a hard isolation boundary.
2026-08-16 18:02:35.525 INFO  [main] [] [] [] [] [] o.s.b.a.e.web.EndpointLinksResolver - Exposing 3 endpoints beneath base path '/actuator'
2026-08-16 18:02:35.638 INFO  [main] [] [] [] [] [] o.s.a.r.c.CachingConnectionFactory - Attempting to connect to: [localhost:5672]
2026-08-16 18:02:35.679 INFO  [org.springframework.amqp.rabbit.RabbitListenerEndpointContainer#0-1] [] [] [] [] [] o.s.a.r.c.CachingConnectionFactory - Attempting to connect to: [localhost:5672]
2026-08-16 18:02:35.701 ERROR [org.springframework.amqp.rabbit.RabbitListenerEndpointContainer#0-1] [] [] [] [] [] o.s.a.r.l.SimpleMessageListenerContainer - Failed to check/redeclare auto-delete queue(s).
org.springframework.amqp.AmqpConnectException: java.net.ConnectException: Connection refused: getsockopt
	at org.springframework.amqp.rabbit.support.RabbitExceptionTranslator.convertRabbitAccessException(RabbitExceptionTranslator.java:61)
	at org.springframework.amqp.rabbit.connection.AbstractConnectionFactory.createBareConnection(AbstractConnectionFactory.java:622)
	at org.springframework.amqp.rabbit.connection.CachingConnectionFactory.createConnection(CachingConnectionFactory.java:726)
	at org.springframework.amqp.rabbit.connection.ConnectionFactoryUtils.createConnection(ConnectionFactoryUtils.java:257)
	at org.springframework.amqp.rabbit.core.RabbitTemplate.doExecute(RabbitTemplate.java:2249)
	at org.springframework.amqp.rabbit.core.RabbitTemplate.execute(RabbitTemplate.java:2222)
	at org.springframework.amqp.rabbit.core.RabbitTemplate.execute(RabbitTemplate.java:2202)
	at org.springframework.amqp.rabbit.core.RabbitAdmin.getQueueInfo(RabbitAdmin.java:467)
	at org.springframework.amqp.rabbit.core.RabbitAdmin.getQueueProperties(RabbitAdmin.java:451)
	at org.springframework.amqp.rabbit.listener.AbstractMessageListenerContainer.attemptDeclarations(AbstractMessageListenerContainer.java:1960)
	at org.springframework.amqp.rabbit.listener.AbstractMessageListenerContainer.redeclareElementsIfNecessary(AbstractMessageListenerContainer.java:1924)
	at org.springframework.amqp.rabbit.listener.SimpleMessageListenerContainer$AsyncMessageProcessingConsumer.initialize(SimpleMessageListenerContainer.java:1479)
	at org.springframework.amqp.rabbit.listener.SimpleMessageListenerContainer$AsyncMessageProcessingConsumer.run(SimpleMessageListenerContainer.java:1320)
	at java.base/java.lang.Thread.run(Thread.java:1583)
Caused by: java.net.ConnectException: Connection refused: getsockopt
	at java.base/sun.nio.ch.Net.pollConnect(Native Method)
	at java.base/sun.nio.ch.Net.pollConnectNow(Net.java:690)
	at java.base/sun.nio.ch.NioSocketImpl.timedFinishConnect(NioSocketImpl.java:542)
	at java.base/sun.nio.ch.NioSocketImpl.connect(NioSocketImpl.java:592)
	at java.base/java.net.SocksSocketImpl.connect(SocksSocketImpl.java:327)
	at java.base/java.net.Socket.connect(Socket.java:751)
	at com.rabbitmq.client.impl.SocketFrameHandlerFactory.create(SocketFrameHandlerFactory.java:61)
	at com.rabbitmq.client.ConnectionFactory.newConnection(ConnectionFactory.java:1249)
	at com.rabbitmq.client.ConnectionFactory.newConnection(ConnectionFactory.java:1198)
	at org.springframework.amqp.rabbit.connection.AbstractConnectionFactory.connectAddresses(AbstractConnectionFactory.java:668)
	at org.springframework.amqp.rabbit.connection.AbstractConnectionFactory.connect(AbstractConnectionFactory.java:637)
	at org.springframework.amqp.rabbit.connection.AbstractConnectionFactory.createBareConnection(AbstractConnectionFactory.java:584)
	... 12 common frames omitted
2026-08-16 18:02:35.711 INFO  [org.springframework.amqp.rabbit.RabbitListenerEndpointContainer#0-2] [] [] [] [] [] o.s.a.r.c.CachingConnectionFactory - Attempting to connect to: [localhost:5672]
2026-08-16 18:02:35.747 INFO  [org.springframework.amqp.rabbit.RabbitListenerEndpointContainer#0-1] [] [] [] [] [] o.s.a.r.c.CachingConnectionFactory - Attempting to connect to: [localhost:5672]
2026-08-16 18:02:35.747 ERROR [org.springframework.amqp.rabbit.RabbitListenerEndpointContainer#0-2] [] [] [] [] [] o.s.a.r.l.SimpleMessageListenerContainer - Failed to check/redeclare auto-delete queue(s).
2026-08-16 18:02:35.748 INFO  [org.springframework.amqp.rabbit.RabbitListenerEndpointContainer#0-2] [] [] [] [] [] o.s.a.r.c.CachingConnectionFactory - Attempting to connect to: [localhost:5672]
2026-08-16 18:02:35.803 INFO  [main] [] [] [] [] [] c.c.p.w.execution.CommandTimeoutIT - Started CommandTimeoutIT in 3.026 seconds (process running for 3.944)
2026-08-16 18:02:37.051 INFO  [main] [worker-local] [timeout-job] [] [] [] c.c.p.w.s.PipelineExecutionService - Received job: repository=file:///C:/Users/AANYAA~1/AppData/Local/Temp/junit18082734087402053809/repo/, commit=978c64edd65e357558edd82316d4a00f637a2c2f
2026-08-16 18:02:37.053 INFO  [main] [worker-local] [timeout-job] [] [] [] c.c.p.w.workspace.WorkspaceManager - Created workspace C:\Users\AANYAA~1\AppData\Local\Temp\cicd-timeout-ws10595389297567397468\job-timeout-job
2026-08-16 18:02:37.288 INFO  [main] [worker-local] [timeout-job] [] [] [] c.c.p.worker.git.JGitGitService - Checked out commit 978c64edd65e357558edd82316d4a00f637a2c2f (branch main) from file:///C:/Users/AANYAA~1/AppData/Local/Temp/junit18082734087402053809/repo/
2026-08-16 18:02:37.292 INFO  [main] [worker-local] [timeout-job] [] [] [] c.c.p.w.s.PipelineExecutionService - Prepared repository at commit 978c64edd65e357558edd82316d4a00f637a2c2f (branch main)
2026-08-16 18:02:37.320 INFO  [main] [worker-local] [timeout-job] [] [] [] c.c.p.worker.pipeline.PipelineParser - Parsed pipeline 'fixture-shell' with 1 stage(s) from C:\Users\AANYAA~1\AppData\Local\Temp\cicd-timeout-ws10595389297567397468\job-timeout-job\repo\pipeline.yml
2026-08-16 18:02:37.321 INFO  [main] [worker-local] [timeout-job] [] [] [] c.c.p.w.execution.PipelineExecutor - Executing pipeline 'fixture-shell' with 1 stage(s)
2026-08-16 18:02:37.323 INFO  [main] [worker-local] [timeout-job] [s1] [] [] c.c.p.worker.execution.StageExecutor - Starting stage [s1] with 1 job(s)
2026-08-16 18:02:37.324 INFO  [main] [worker-local] [timeout-job] [s1] [long-job] [] c.c.p.worker.execution.JobExecutor - Starting job [long-job] with 1 step(s)
2026-08-16 18:02:37.325 INFO  [main] [worker-local] [timeout-job] [main] [long-job] [ping] c.c.p.worker.execution.StepExecutor - Starting step [ping] (RUN): ping -n 30 127.0.0.1
2026-08-16 18:02:38.909 WARN  [main] [worker-local] [timeout-job] [main] [long-job] [ping] c.c.p.w.s.ProcessExecutionSandbox - Command timed out after 1500 ms: ping -n 30 127.0.0.1
2026-08-16 18:02:38.922 WARN  [main] [worker-local] [timeout-job] [] [] [] c.c.p.w.workspace.WorkspaceManager - Failed to delete C:\Users\AANYAA~1\AppData\Local\Temp\cicd-timeout-ws10595389297567397468\job-timeout-job\repo\.git\objects\pack\pack-3ab490c260229ce869a2dbe1c54e0bbcf8525ca8.pack
2026-08-16 18:02:38.923 WARN  [main] [worker-local] [timeout-job] [] [] [] c.c.p.w.workspace.WorkspaceManager - Failed to delete C:\Users\AANYAA~1\AppData\Local\Temp\cicd-timeout-ws10595389297567397468\job-timeout-job\repo\.git\objects\pack\pack-3ab490c260229ce869a2dbe1c54e0bbcf8525ca8.idx
2026-08-16 18:02:38.923 WARN  [main] [worker-local] [timeout-job] [] [] [] c.c.p.w.workspace.WorkspaceManager - Failed to delete C:\Users\AANYAA~1\AppData\Local\Temp\cicd-timeout-ws10595389297567397468\job-timeout-job\repo\.git\objects\pack
2026-08-16 18:02:38.923 WARN  [main] [worker-local] [timeout-job] [] [] [] c.c.p.w.workspace.WorkspaceManager - Failed to delete C:\Users\AANYAA~1\AppData\Local\Temp\cicd-timeout-ws10595389297567397468\job-timeout-job\repo\.git\objects
2026-08-16 18:02:38.926 WARN  [main] [worker-local] [timeout-job] [] [] [] c.c.p.w.workspace.WorkspaceManager - Failed to delete C:\Users\AANYAA~1\AppData\Local\Temp\cicd-timeout-ws10595389297567397468\job-timeout-job\repo\.git
2026-08-16 18:02:38.926 WARN  [main] [worker-local] [timeout-job] [] [] [] c.c.p.w.workspace.WorkspaceManager - Failed to delete C:\Users\AANYAA~1\AppData\Local\Temp\cicd-timeout-ws10595389297567397468\job-timeout-job\repo
2026-08-16 18:02:38.927 WARN  [main] [worker-local] [timeout-job] [] [] [] c.c.p.w.workspace.WorkspaceManager - Failed to delete C:\Users\AANYAA~1\AppData\Local\Temp\cicd-timeout-ws10595389297567397468\job-timeout-job
2026-08-16 18:02:38.927 INFO  [main] [worker-local] [timeout-job] [] [] [] c.c.p.w.workspace.WorkspaceManager - Cleaned up workspace C:\Users\AANYAA~1\AppData\Local\Temp\cicd-timeout-ws10595389297567397468\job-timeout-job
]]></system-out>
    <system-err><![CDATA[WARNING: A Java agent has been loaded dynamically (C:\Users\Aanya Aggarwal\.m2\repository\net\bytebuddy\byte-buddy-agent\1.14.19\byte-buddy-agent-1.14.19.jar)
WARNING: If a serviceability tool is in use, please run with -XX:+EnableDynamicAgentLoading to hide this warning
WARNING: If a serviceability tool is not in use, please run with -Djdk.instrument.traceUsage for more information
WARNING: Dynamic loading of agents will be disallowed by default in a future release
]]></system-err>
  </testcase>
</testsuite>