<?xml version="1.0" encoding="UTF-8"?>
<testsuite xmlns:xsi="http://www.w3.org/2001/XMLSchema-instance" xsi:noNamespaceSchemaLocation="https://maven.apache.org/surefire/maven-failsafe-plugin/xsd/failsafe-test-report-3.0.xsd" version="3.0" name="com.cicd.platform.worker.messaging.RabbitMqFlowIT" time="33.189" tests="5" errors="0" skipped="0" failures="0">
  <properties>
[...]
</properties>
  <testcase name="endToEndPipelineSuccess" classname="com.cicd.platform.worker.messaging.RabbitMqFlowIT" time="6.26">
    <system-out><![CDATA[2026-08-16 18:02:38.990 INFO  [main] [] [] [] [] [] o.testcontainers.DockerClientFactory - Testcontainers version: 1.21.4
2026-08-16 18:02:39.512 INFO  [main] [] [] [] [] [] o.t.d.DockerClientProviderStrategy - Found Docker environment with Environment variables, system properties and defaults. Resolved dockerHost=npipe:////./pipe/dockerDesktopLinuxEngine
2026-08-16 18:02:39.514 INFO  [main] [] [] [] [] [] o.testcontainers.DockerClientFactory - Docker host IP address is localhost
2026-08-16 18:02:39.535 INFO  [main] [] [] [] [] [] o.testcontainers.DockerClientFactory - Connected to docker: 
  Server Version: 29.4.0
  API Version: 1.54
  Operating System: Docker Desktop
  Total Memory: 7664 MB
  Labels: 
    com.docker.desktop.address=npipe://\\.\pipe\docker_cli
2026-08-16 18:02:39.545 INFO  [main] [] [] [] [] [] o.testcontainers.images.PullPolicy - Image pull policy will be performed by: DefaultPullPolicy()
2026-08-16 18:02:39.546 INFO  [main] [] [] [] [] [] o.t.utility.ImageNameSubstitutor - Image name substitution will be performed by: DefaultImageNameSubstitutor (composite of 'ConfigurationFileImageNameSubstitutor' and 'PrefixingImageNameSubstitutor')
2026-08-16 18:02:39.659 INFO  [main] [] [] [] [] [] tc.testcontainers/ryuk:0.12.0 - Creating container for image: testcontainers/ryuk:0.12.0
2026-08-16 18:02:39.940 INFO  [main] [] [] [] [] [] tc.testcontainers/ryuk:0.12.0 - Container testcontainers/ryuk:0.12.0 is starting: 7556ea03832a3fc21a870989b2205fc2ce288b5f0a94912a7704134509491d16
2026-08-16 18:02:40.361 INFO  [main] [] [] [] [] [] tc.testcontainers/ryuk:0.12.0 - Container testcontainers/ryuk:0.12.0 started in PT0.7014556S
2026-08-16 18:02:40.368 INFO  [main] [] [] [] [] [] o.t.utility.RyukResourceReaper - Ryuk started - will monitor and terminate Testcontainers containers on JVM exit
2026-08-16 18:02:40.369 INFO  [main] [] [] [] [] [] o.testcontainers.DockerClientFactory - Checking the system...
2026-08-16 18:02:40.370 INFO  [main] [] [] [] [] [] o.testcontainers.DockerClientFactory - ✔︎ Docker server version should be at least 1.6.0
2026-08-16 18:02:40.373 INFO  [main] [] [] [] [] [] o.s.t.c.s.AnnotationConfigContextLoaderUtils - Could not detect default configuration classes for test class [com.cicd.platform.worker.messaging.RabbitMqFlowIT]: RabbitMqFlowIT does not declare any static, non-private, non-final, nested classes annotated with @Configuration.
2026-08-16 18:02:40.394 INFO  [main] [] [] [] [] [] o.s.b.t.c.SpringBootTestContextBootstrapper - Found @SpringBootConfiguration com.cicd.platform.worker.WorkerApplication for test class com.cicd.platform.worker.messaging.RabbitMqFlowIT
2026-08-16 18:02:40.404 INFO  [main] [] [] [] [] [] tc.rabbitmq:3.13-management-alpine - Creating container for image: rabbitmq:3.13-management-alpine
2026-08-16 18:02:40.487 INFO  [main] [] [] [] [] [] tc.rabbitmq:3.13-management-alpine - Container rabbitmq:3.13-management-alpine is starting: d88db0afeff71c647ba3ff00a48566ed39a80896e03439466e0b89ffae6871d8
2026-08-16 18:02:40.923 WARN  [org.springframework.amqp.rabbit.RabbitListenerEndpointContainer#0-1] [] [] [] [] [] o.s.a.r.l.SimpleMessageListenerContainer - Consumer raised exception, processing can restart if the connection factory supports it. Exception summary: org.springframework.amqp.AmqpConnectException: java.net.ConnectException: Connection refused: getsockopt
2026-08-16 18:02:40.923 WARN  [org.springframework.amqp.rabbit.RabbitListenerEndpointContainer#0-2] [] [] [] [] [] o.s.a.r.l.SimpleMessageListenerContainer - Consumer raised exception, processing can restart if the connection factory supports it. Exception summary: org.springframework.amqp.AmqpConnectException: java.net.ConnectException: Connection refused: getsockopt
2026-08-16 18:02:40.926 INFO  [org.springframework.amqp.rabbit.RabbitListenerEndpointContainer#0-3] [] [] [] [] [] o.s.a.r.c.CachingConnectionFactory - Attempting to connect to: [localhost:5672]
2026-08-16 18:02:40.927 ERROR [org.springframework.amqp.rabbit.RabbitListenerEndpointContainer#0-3] [] [] [] [] [] o.s.a.r.l.SimpleMessageListenerContainer - Failed to check/redeclare auto-delete queue(s).
2026-08-16 18:02:40.927 INFO  [org.springframework.amqp.rabbit.RabbitListenerEndpointContainer#0-3] [] [] [] [] [] o.s.a.r.c.CachingConnectionFactory - Attempting to connect to: [localhost:5672]
2026-08-16 18:02:40.928 INFO  [org.springframework.amqp.rabbit.RabbitListenerEndpointContainer#0-4] [] [] [] [] [] o.s.a.r.c.CachingConnectionFactory - Attempting to connect to: [localhost:5672]
2026-08-16 18:02:40.929 ERROR [org.springframework.amqp.rabbit.RabbitListenerEndpointContainer#0-4] [] [] [] [] [] o.s.a.r.l.SimpleMessageListenerContainer - Failed to check/redeclare auto-delete queue(s).
2026-08-16 18:02:40.929 INFO  [org.springframework.amqp.rabbit.RabbitListenerEndpointContainer#0-4] [] [] [] [] [] o.s.a.r.c.CachingConnectionFactory - Attempting to connect to: [localhost:5672]
2026-08-16 18:02:46.049 WARN  [org.springframework.amqp.rabbit.RabbitListenerEndpointContainer#0-3] [] [] [] [] [] o.s.a.r.l.SimpleMessageListenerContainer - Consumer raised exception, processing can restart if the connection factory supports it. Exception summary: org.springframework.amqp.AmqpConnectException: java.net.ConnectException: Connection refused: getsockopt
2026-08-16 18:02:46.050 INFO  [org.springframework.amqp.rabbit.RabbitListenerEndpointContainer#0-5] [] [] [] [] [] o.s.a.r.c.CachingConnectionFactory - Attempting to connect to: [localhost:5672]
2026-08-16 18:02:46.052 ERROR [org.springframework.amqp.rabbit.RabbitListenerEndpointContainer#0-5] [] [] [] [] [] o.s.a.r.l.SimpleMessageListenerContainer - Failed to check/redeclare auto-delete queue(s).
2026-08-16 18:02:46.052 INFO  [org.springframework.amqp.rabbit.RabbitListenerEndpointContainer#0-5] [] [] [] [] [] o.s.a.r.c.CachingConnectionFactory - Attempting to connect to: [localhost:5672]
2026-08-16 18:02:46.063 WARN  [org.springframework.amqp.rabbit.RabbitListenerEndpointContainer#0-4] [] [] [] [] [] o.s.a.r.l.SimpleMessageListenerContainer - Consumer raised exception, processing can restart if the connection factory supports it. Exception summary: org.springframework.amqp.AmqpConnectException: java.net.ConnectException: Connection refused: getsockopt
2026-08-16 18:02:46.079 INFO  [org.springframework.amqp.rabbit.RabbitListenerEndpointContainer#0-6] [] [] [] [] [] o.s.a.r.c.CachingConnectionFactory - Attempting to connect to: [localhost:5672]
2026-08-16 18:02:46.111 ERROR [org.springframework.amqp.rabbit.RabbitListenerEndpointContainer#0-6] [] [] [] [] [] o.s.a.r.l.SimpleMessageListenerContainer - Failed to check/redeclare auto-delete queue(s).
2026-08-16 18:02:46.111 INFO  [org.springframework.amqp.rabbit.RabbitListenerEndpointContainer#0-6] [] [] [] [] [] o.s.a.r.c.CachingConnectionFactory - Attempting to connect to: [localhost:5672]
2026-08-16 18:02:49.094 INFO  [main] [] [] [] [] [] tc.rabbitmq:3.13-management-alpine - Container rabbitmq:3.13-management-alpine started in PT8.6887554S

  .   ____          _            __ _ _
 /\\ / ___'_ __ _ _(_)_ __  __ _ \ \ \ \
( ( )\___ | '_ | '_| | '_ \/ _` | \ \ \ \
 \\/  ___)| |_)| | | | | || (_| |  ) ) ) )
  '  |____| .__|_| |_|_| |_\__, | / / / /
 =========|_|==============|___/=/_/_/_/

 :: Spring Boot ::                (v3.3.5)

2026-08-16 18:02:49.234 INFO  [main] [] [] [] [] [] c.c.p.w.messaging.RabbitMqFlowIT - Starting RabbitMqFlowIT using Java 21.0.12 with PID 37128 (started by Aanya Aggarwal in C:\Users\Aanya Aggarwal\Downloads\RealShield-Deepfake-Detection-Digital-Identity-Verifier-main\RealShield-Deepfake-Detection-Digital-Identity-Verifier-main\worker)
2026-08-16 18:02:49.234 INFO  [main] [] [] [] [] [] c.c.p.w.messaging.RabbitMqFlowIT - No active profile set, falling back to 1 default profile: "default"
2026-08-16 18:02:49.643 WARN  [main] [] [] [] [] [] c.c.p.worker.config.SandboxConfig - Execution sandbox mode = PROCESS. Untrusted commands run as child OS processes on the worker host. This is NOT a hard isolation boundary.
2026-08-16 18:02:49.829 INFO  [main] [] [] [] [] [] o.s.b.a.e.web.EndpointLinksResolver - Exposing 3 endpoints beneath base path '/actuator'
2026-08-16 18:02:49.848 INFO  [main] [] [] [] [] [] o.s.a.r.c.CachingConnectionFactory - Attempting to connect to: [localhost:55801]
2026-08-16 18:02:49.903 INFO  [main] [] [] [] [] [] o.s.a.r.c.CachingConnectionFactory - Created new connection: rabbitConnectionFactory#5f14eb51:0/SimpleConnection@65528bcf [delegate=amqp://guest@127.0.0.1:55801/, localPort=56285]
2026-08-16 18:02:50.023 INFO  [main] [] [] [] [] [] c.c.p.w.messaging.RabbitMqFlowIT - Started RabbitMqFlowIT in 0.924 seconds (process running for 18.164)
2026-08-16 18:02:50.735 INFO  [org.springframework.amqp.rabbit.RabbitListenerEndpointContainer#0-1] [worker-local] [it-success-7439a7a1-b5b4-4194-bc24-a99a0cfebc87] [] [] [] c.c.p.w.s.PipelineExecutionService - Received job: repository=file:///C:/Users/AANYAA~1/AppData/Local/Temp/cicd-fixture-repo-6052774173732334195/, commit=6667b6cf16b5863d9b272d2e9a219af4b1428b67
2026-08-16 18:02:50.737 INFO  [org.springframework.amqp.rabbit.RabbitListenerEndpointContainer#0-1] [worker-local] [it-success-7439a7a1-b5b4-4194-bc24-a99a0cfebc87] [] [] [] c.c.p.w.workspace.WorkspaceManager - Created workspace C:\Users\AANYAA~1\AppData\Local\Temp\cicd-it-workspaces6547362662063500399\job-it-success-7439a7a1-b5b4-4194-bc24-a99a0cfebc87
2026-08-16 18:02:50.858 INFO  [org.springframework.amqp.rabbit.RabbitListenerEndpointContainer#0-1] [worker-local] [it-success-7439a7a1-b5b4-4194-bc24-a99a0cfebc87] [] [] [] c.c.p.worker.git.JGitGitService - Checked out commit 6667b6cf16b5863d9b272d2e9a219af4b1428b67 (branch main) from file:///C:/Users/AANYAA~1/AppData/Local/Temp/cicd-fixture-repo-6052774173732334195/
2026-08-16 18:02:50.859 INFO  [org.springframework.amqp.rabbit.RabbitListenerEndpointContainer#0-1] [worker-local] [it-success-7439a7a1-b5b4-4194-bc24-a99a0cfebc87] [] [] [] c.c.p.w.s.PipelineExecutionService - Prepared repository at commit 6667b6cf16b5863d9b272d2e9a219af4b1428b67 (branch main)
2026-08-16 18:02:50.861 INFO  [org.springframework.amqp.rabbit.RabbitListenerEndpointContainer#0-1] [worker-local] [it-success-7439a7a1-b5b4-4194-bc24-a99a0cfebc87] [] [] [] c.c.p.worker.pipeline.PipelineParser - Parsed pipeline 'fixture-app' with 1 stage(s) from C:\Users\AANYAA~1\AppData\Local\Temp\cicd-it-workspaces6547362662063500399\job-it-success-7439a7a1-b5b4-4194-bc24-a99a0cfebc87\repo\pipeline.yml
2026-08-16 18:02:50.861 INFO  [org.springframework.amqp.rabbit.RabbitListenerEndpointContainer#0-1] [worker-local] [it-success-7439a7a1-b5b4-4194-bc24-a99a0cfebc87] [] [] [] c.c.p.w.execution.PipelineExecutor - Executing pipeline 'fixture-app' with 1 stage(s)
2026-08-16 18:02:50.862 INFO  [org.springframework.amqp.rabbit.RabbitListenerEndpointContainer#0-1] [worker-local] [it-success-7439a7a1-b5b4-4194-bc24-a99a0cfebc87] [build-test] [] [] c.c.p.worker.execution.StageExecutor - Starting stage [build-test] with 1 job(s)
2026-08-16 18:02:50.863 INFO  [org.springframework.amqp.rabbit.RabbitListenerEndpointContainer#0-1] [worker-local] [it-success-7439a7a1-b5b4-4194-bc24-a99a0cfebc87] [build-test] [maven-build] [] c.c.p.worker.execution.JobExecutor - Starting job [maven-build] with 1 step(s)
2026-08-16 18:02:50.864 INFO  [org.springframework.amqp.rabbit.RabbitListenerEndpointContainer#0-1] [worker-local] [it-success-7439a7a1-b5b4-4194-bc24-a99a0cfebc87] [main] [maven-build] [mvn] c.c.p.worker.execution.StepExecutor - Starting step [mvn] (RUN): mvn -B clean package
2026-08-16 18:02:51.179 WARN  [org.springframework.amqp.rabbit.RabbitListenerEndpointContainer#0-6] [] [] [] [] [] o.s.a.r.l.SimpleMessageListenerContainer - Consumer raised exception, processing can restart if the connection factory supports it. Exception summary: org.springframework.amqp.AmqpConnectException: java.net.ConnectException: Connection refused: getsockopt
2026-08-16 18:02:51.180 INFO  [org.springframework.amqp.rabbit.RabbitListenerEndpointContainer#0-7] [] [] [] [] [] o.s.a.r.c.CachingConnectionFactory - Attempting to connect to: [localhost:5672]
2026-08-16 18:02:51.180 WARN  [org.springframework.amqp.rabbit.RabbitListenerEndpointContainer#0-5] [] [] [] [] [] o.s.a.r.l.SimpleMessageListenerContainer - Consumer raised exception, processing can restart if the connection factory supports it. Exception summary: org.springframework.amqp.AmqpConnectException: java.net.ConnectException: Connection refused: getsockopt
2026-08-16 18:02:51.211 ERROR [org.springframework.amqp.rabbit.RabbitListenerEndpointContainer#0-7] [] [] [] [] [] o.s.a.r.l.SimpleMessageListenerContainer - Failed to check/redeclare auto-delete queue(s).
2026-08-16 18:02:51.211 INFO  [org.springframework.amqp.rabbit.RabbitListenerEndpointContainer#0-7] [] [] [] [] [] o.s.a.r.c.CachingConnectionFactory - Attempting to connect to: [localhost:5672]
2026-08-16 18:02:51.213 INFO  [org.springframework.amqp.rabbit.RabbitListenerEndpointContainer#0-8] [] [] [] [] [] o.s.a.r.c.CachingConnectionFactory - Attempting to connect to: [localhost:5672]
2026-08-16 18:02:51.226 ERROR [org.springframework.amqp.rabbit.RabbitListenerEndpointContainer#0-8] [] [] [] [] [] o.s.a.r.l.SimpleMessageListenerContainer - Failed to check/redeclare auto-delete queue(s).
2026-08-16 18:02:51.226 INFO  [org.springframework.amqp.rabbit.RabbitListenerEndpointContainer#0-8] [] [] [] [] [] o.s.a.r.c.CachingConnectionFactory - Attempting to connect to: [localhost:5672]
2026-08-16 18:02:55.248 WARN  [org.springframework.amqp.rabbit.RabbitListenerEndpointContainer#0-1] [worker-local] [it-success-7439a7a1-b5b4-4194-bc24-a99a0cfebc87] [] [] [] c.c.p.w.workspace.WorkspaceManager - Failed to delete C:\Users\AANYAA~1\AppData\Local\Temp\cicd-it-workspaces6547362662063500399\job-it-success-7439a7a1-b5b4-4194-bc24-a99a0cfebc87\repo\.git\objects\pack\pack-76124a576481748c0d039efa5dedabb564037470.pack
2026-08-16 18:02:55.248 WARN  [org.springframework.amqp.rabbit.RabbitListenerEndpointContainer#0-1] [worker-local] [it-success-7439a7a1-b5b4-4194-bc24-a99a0cfebc87] [] [] [] c.c.p.w.workspace.WorkspaceManager - Failed to delete C:\Users\AANYAA~1\AppData\Local\Temp\cicd-it-workspaces6547362662063500399\job-it-success-7439a7a1-b5b4-4194-bc24-a99a0cfebc87\repo\.git\objects\pack\pack-76124a576481748c0d039efa5dedabb564037470.idx
2026-08-16 18:02:55.249 WARN  [org.springframework.amqp.rabbit.RabbitListenerEndpointContainer#0-1] [worker-local] [it-success-7439a7a1-b5b4-4194-bc24-a99a0cfebc87] [] [] [] c.c.p.w.workspace.WorkspaceManager - Failed to delete C:\Users\AANYAA~1\AppData\Local\Temp\cicd-it-workspaces6547362662063500399\job-it-success-7439a7a1-b5b4-4194-bc24-a99a0cfebc87\repo\.git\objects\pack
2026-08-16 18:02:55.249 WARN  [org.springframework.amqp.rabbit.RabbitListenerEndpointContainer#0-1] [worker-local] [it-success-7439a7a1-b5b4-4194-bc24-a99a0cfebc87] [] [] [] c.c.p.w.workspace.WorkspaceManager - Failed to delete C:\Users\AANYAA~1\AppData\Local\Temp\cicd-it-workspaces6547362662063500399\job-it-success-7439a7a1-b5b4-4194-bc24-a99a0cfebc87\repo\.git\objects
2026-08-16 18:02:55.251 WARN  [org.springframework.amqp.rabbit.RabbitListenerEndpointContainer#0-1] [worker-local] [it-success-7439a7a1-b5b4-4194-bc24-a99a0cfebc87] [] [] [] c.c.p.w.workspace.WorkspaceManager - Failed to delete C:\Users\AANYAA~1\AppData\Local\Temp\cicd-it-workspaces6547362662063500399\job-it-success-7439a7a1-b5b4-4194-bc24-a99a0cfebc87\repo\.git
2026-08-16 18:02:55.251 WARN  [org.springframework.amqp.rabbit.RabbitListenerEndpointContainer#0-1] [worker-local] [it-success-7439a7a1-b5b4-4194-bc24-a99a0cfebc87] [] [] [] c.c.p.w.workspace.WorkspaceManager - Failed to delete C:\Users\AANYAA~1\AppData\Local\Temp\cicd-it-workspaces6547362662063500399\job-it-success-7439a7a1-b5b4-4194-bc24-a99a0cfebc87\repo
2026-08-16 18:02:55.252 WARN  [org.springframework.amqp.rabbit.RabbitListenerEndpointContainer#0-1] [worker-local] [it-success-7439a7a1-b5b4-4194-bc24-a99a0cfebc87] [] [] [] c.c.p.w.workspace.WorkspaceManager - Failed to delete C:\Users\AANYAA~1\AppData\Local\Temp\cicd-it-workspaces6547362662063500399\job-it-success-7439a7a1-b5b4-4194-bc24-a99a0cfebc87
2026-08-16 18:02:55.252 INFO  [org.springframework.amqp.rabbit.RabbitListenerEndpointContainer#0-1] [worker-local] [it-success-7439a7a1-b5b4-4194-bc24-a99a0cfebc87] [] [] [] c.c.p.w.workspace.WorkspaceManager - Cleaned up workspace C:\Users\AANYAA~1\AppData\Local\Temp\cicd-it-workspaces6547362662063500399\job-it-success-7439a7a1-b5b4-4194-bc24-a99a0cfebc87
2026-08-16 18:02:55.268 INFO  [org.springframework.amqp.rabbit.RabbitListenerEndpointContainer#0-1] [] [] [] [] [] c.c.p.w.m.PipelineResultPublisher - Published result for job it-success-7439a7a1-b5b4-4194-bc24-a99a0cfebc87 with status SUCCESS
2026-08-16 18:02:55.269 INFO  [org.springframework.amqp.rabbit.RabbitListenerEndpointContainer#0-1] [] [] [] [] [] c.c.p.w.m.PipelineJobConsumer - Acknowledged job it-success-7439a7a1-b5b4-4194-bc24-a99a0cfebc87 after 4503 ms with status SUCCESS
]]></system-out>
  </testcase>
  <testcase name="malformedMessageGoesToDeadLetterQueue" classname="com.cicd.platform.worker.messaging.RabbitMqFlowIT" time="0.023">
    <system-out><![CDATA[2026-08-16 18:02:56.310 WARN  [org.springframework.amqp.rabbit.RabbitListenerEndpointContainer#0-2] [] [] [] [] [] c.c.p.w.m.PipelineJobConsumer - Rejecting malformed job message (tag 1): not-json{{{
]]></system-out>
  </testcase>
  <testcase name="missingPipelineYamlIsReportedAsFailed" classname="com.cicd.platform.worker.messaging.RabbitMqFlowIT" time="1.214">
    <system-out><![CDATA[2026-08-16 18:02:56.334 WARN  [org.springframework.amqp.rabbit.RabbitListenerEndpointContainer#0-7] [] [] [] [] [] o.s.a.r.l.SimpleMessageListenerContainer - Consumer raised exception, processing can restart if the connection factory supports it. Exception summary: org.springframework.amqp.AmqpConnectException: java.net.ConnectException: Connection refused: getsockopt
2026-08-16 18:02:56.333 WARN  [org.springframework.amqp.rabbit.RabbitListenerEndpointContainer#0-8] [] [] [] [] [] o.s.a.r.l.SimpleMessageListenerContainer - Consumer raised exception, processing can restart if the connection factory supports it. Exception summary: org.springframework.amqp.AmqpConnectException: java.net.ConnectException: Connection refused: getsockopt
2026-08-16 18:02:56.341 INFO  [org.springframework.amqp.rabbit.RabbitListenerEndpointContainer#0-10] [] [] [] [] [] o.s.a.r.c.CachingConnectionFactory - Attempting to connect to: [localhost:5672]
2026-08-16 18:02:56.344 ERROR [org.springframework.amqp.rabbit.RabbitListenerEndpointContainer#0-10] [] [] [] [] [] o.s.a.r.l.SimpleMessageListenerContainer - Failed to check/redeclare auto-delete queue(s).
2026-08-16 18:02:56.344 INFO  [org.springframework.amqp.rabbit.RabbitListenerEndpointContainer#0-10] [] [] [] [] [] o.s.a.r.c.CachingConnectionFactory - Attempting to connect to: [localhost:5672]
2026-08-16 18:02:56.362 INFO  [org.springframework.amqp.rabbit.RabbitListenerEndpointContainer#0-9] [] [] [] [] [] o.s.a.r.c.CachingConnectionFactory - Attempting to connect to: [localhost:5672]
2026-08-16 18:02:56.364 ERROR [org.springframework.amqp.rabbit.RabbitListenerEndpointContainer#0-9] [] [] [] [] [] o.s.a.r.l.SimpleMessageListenerContainer - Failed to check/redeclare auto-delete queue(s).
2026-08-16 18:02:56.365 INFO  [org.springframework.amqp.rabbit.RabbitListenerEndpointContainer#0-9] [] [] [] [] [] o.s.a.r.c.CachingConnectionFactory - Attempting to connect to: [localhost:5672]
2026-08-16 18:02:56.417 INFO  [org.springframework.amqp.rabbit.RabbitListenerEndpointContainer#0-1] [worker-local] [it-missing-9767cf10-711f-4a58-b193-f8729bca070b] [] [] [] c.c.p.w.s.PipelineExecutionService - Received job: repository=file:///C:/Users/AANYAA~1/AppData/Local/Temp/cicd-fixture-repo-1056269788194033994/, commit=6667b6cf16b5863d9b272d2e9a219af4b1428b67
2026-08-16 18:02:56.418 INFO  [org.springframework.amqp.rabbit.RabbitListenerEndpointContainer#0-1] [worker-local] [it-missing-9767cf10-711f-4a58-b193-f8729bca070b] [] [] [] c.c.p.w.workspace.WorkspaceManager - Created workspace C:\Users\AANYAA~1\AppData\Local\Temp\cicd-it-workspaces6547362662063500399\job-it-missing-9767cf10-711f-4a58-b193-f8729bca070b
2026-08-16 18:02:56.500 INFO  [org.springframework.amqp.rabbit.RabbitListenerEndpointContainer#0-1] [worker-local] [it-missing-9767cf10-711f-4a58-b193-f8729bca070b] [] [] [] c.c.p.worker.git.JGitGitService - Checked out commit 6667b6cf16b5863d9b272d2e9a219af4b1428b67 (branch main) from file:///C:/Users/AANYAA~1/AppData/Local/Temp/cicd-fixture-repo-1056269788194033994/
2026-08-16 18:02:56.500 INFO  [org.springframework.amqp.rabbit.RabbitListenerEndpointContainer#0-1] [worker-local] [it-missing-9767cf10-711f-4a58-b193-f8729bca070b] [] [] [] c.c.p.w.s.PipelineExecutionService - Prepared repository at commit 6667b6cf16b5863d9b272d2e9a219af4b1428b67 (branch main)
2026-08-16 18:02:56.501 WARN  [org.springframework.amqp.rabbit.RabbitListenerEndpointContainer#0-1] [worker-local] [it-missing-9767cf10-711f-4a58-b193-f8729bca070b] [] [] [] c.c.p.w.s.PipelineExecutionService - Pipeline configuration error: Pipeline file 'does-not-exist.yml' not found in repository
2026-08-16 18:02:56.506 WARN  [org.springframework.amqp.rabbit.RabbitListenerEndpointContainer#0-1] [worker-local] [it-missing-9767cf10-711f-4a58-b193-f8729bca070b] [] [] [] c.c.p.w.workspace.WorkspaceManager - Failed to delete C:\Users\AANYAA~1\AppData\Local\Temp\cicd-it-workspaces6547362662063500399\job-it-missing-9767cf10-711f-4a58-b193-f8729bca070b\repo\.git\objects\pack\pack-76124a576481748c0d039efa5dedabb564037470.pack
2026-08-16 18:02:56.506 WARN  [org.springframework.amqp.rabbit.RabbitListenerEndpointContainer#0-1] [worker-local] [it-missing-9767cf10-711f-4a58-b193-f8729bca070b] [] [] [] c.c.p.w.workspace.WorkspaceManager - Failed to delete C:\Users\AANYAA~1\AppData\Local\Temp\cicd-it-workspaces6547362662063500399\job-it-missing-9767cf10-711f-4a58-b193-f8729bca070b\repo\.git\objects\pack\pack-76124a576481748c0d039efa5dedabb564037470.idx
2026-08-16 18:02:56.506 WARN  [org.springframework.amqp.rabbit.RabbitListenerEndpointContainer#0-1] [worker-local] [it-missing-9767cf10-711f-4a58-b193-f8729bca070b] [] [] [] c.c.p.w.workspace.WorkspaceManager - Failed to delete C:\Users\AANYAA~1\AppData\Local\Temp\cicd-it-workspaces6547362662063500399\job-it-missing-9767cf10-711f-4a58-b193-f8729bca070b\repo\.git\objects\pack
2026-08-16 18:02:56.507 WARN  [org.springframework.amqp.rabbit.RabbitListenerEndpointContainer#0-1] [worker-local] [it-missing-9767cf10-711f-4a58-b193-f8729bca070b] [] [] [] c.c.p.w.workspace.WorkspaceManager - Failed to delete C:\Users\AANYAA~1\AppData\Local\Temp\cicd-it-workspaces6547362662063500399\job-it-missing-9767cf10-711f-4a58-b193-f8729bca070b\repo\.git\objects
2026-08-16 18:02:56.508 WARN  [org.springframework.amqp.rabbit.RabbitListenerEndpointContainer#0-1] [worker-local] [it-missing-9767cf10-711f-4a58-b193-f8729bca070b] [] [] [] c.c.p.w.workspace.WorkspaceManager - Failed to delete C:\Users\AANYAA~1\AppData\Local\Temp\cicd-it-workspaces6547362662063500399\job-it-missing-9767cf10-711f-4a58-b193-f8729bca070b\repo\.git
2026-08-16 18:02:56.508 WARN  [org.springframework.amqp.rabbit.RabbitListenerEndpointContainer#0-1] [worker-local] [it-missing-9767cf10-711f-4a58-b193-f8729bca070b] [] [] [] c.c.p.w.workspace.WorkspaceManager - Failed to delete C:\Users\AANYAA~1\AppData\Local\Temp\cicd-it-workspaces6547362662063500399\job-it-missing-9767cf10-711f-4a58-b193-f8729bca070b\repo
2026-08-16 18:02:56.509 WARN  [org.springframework.amqp.rabbit.RabbitListenerEndpointContainer#0-1] [worker-local] [it-missing-9767cf10-711f-4a58-b193-f8729bca070b] [] [] [] c.c.p.w.workspace.WorkspaceManager - Failed to delete C:\Users\AANYAA~1\AppData\Local\Temp\cicd-it-workspaces6547362662063500399\job-it-missing-9767cf10-711f-4a58-b193-f8729bca070b
2026-08-16 18:02:56.509 INFO  [org.springframework.amqp.rabbit.RabbitListenerEndpointContainer#0-1] [worker-local] [it-missing-9767cf10-711f-4a58-b193-f8729bca070b] [] [] [] c.c.p.w.workspace.WorkspaceManager - Cleaned up workspace C:\Users\AANYAA~1\AppData\Local\Temp\cicd-it-workspaces6547362662063500399\job-it-missing-9767cf10-711f-4a58-b193-f8729bca070b
2026-08-16 18:02:56.511 INFO  [org.springframework.amqp.rabbit.RabbitListenerEndpointContainer#0-1] [] [] [] [] [] c.c.p.w.m.PipelineResultPublisher - Published result for job it-missing-9767cf10-711f-4a58-b193-f8729bca070b with status FAILED
2026-08-16 18:02:56.511 INFO  [org.springframework.amqp.rabbit.RabbitListenerEndpointContainer#0-1] [] [] [] [] [] c.c.p.w.m.PipelineJobConsumer - Acknowledged job it-missing-9767cf10-711f-4a58-b193-f8729bca070b after 85 ms with status FAILED
]]></system-out>
  </testcase>
  <testcase name="endToEndPipelineBuildFailure" classname="com.cicd.platform.worker.messaging.RabbitMqFlowIT" time="5.531">
    <system-out><![CDATA[2026-08-16 18:02:57.984 INFO  [org.springframework.amqp.rabbit.RabbitListenerEndpointContainer#0-2] [worker-local] [it-failure-ad769aa7-2016-4a9e-abbc-07d7ab75fdf5] [] [] [] c.c.p.w.s.PipelineExecutionService - Received job: repository=file:///C:/Users/AANYAA~1/AppData/Local/Temp/cicd-fixture-repo-8978602588704925429/, commit=4723b60ad884672282aca67c79c01ab99d418886
2026-08-16 18:02:57.986 INFO  [org.springframework.amqp.rabbit.RabbitListenerEndpointContainer#0-2] [worker-local] [it-failure-ad769aa7-2016-4a9e-abbc-07d7ab75fdf5] [] [] [] c.c.p.w.workspace.WorkspaceManager - Created workspace C:\Users\AANYAA~1\AppData\Local\Temp\cicd-it-workspaces6547362662063500399\job-it-failure-ad769aa7-2016-4a9e-abbc-07d7ab75fdf5
2026-08-16 18:02:58.074 INFO  [org.springframework.amqp.rabbit.RabbitListenerEndpointContainer#0-2] [worker-local] [it-failure-ad769aa7-2016-4a9e-abbc-07d7ab75fdf5] [] [] [] c.c.p.worker.git.JGitGitService - Checked out commit 4723b60ad884672282aca67c79c01ab99d418886 (branch main) from file:///C:/Users/AANYAA~1/AppData/Local/Temp/cicd-fixture-repo-8978602588704925429/
2026-08-16 18:02:58.075 INFO  [org.springframework.amqp.rabbit.RabbitListenerEndpointContainer#0-2] [worker-local] [it-failure-ad769aa7-2016-4a9e-abbc-07d7ab75fdf5] [] [] [] c.c.p.w.s.PipelineExecutionService - Prepared repository at commit 4723b60ad884672282aca67c79c01ab99d418886 (branch main)
2026-08-16 18:02:58.075 INFO  [org.springframework.amqp.rabbit.RabbitListenerEndpointContainer#0-2] [worker-local] [it-failure-ad769aa7-2016-4a9e-abbc-07d7ab75fdf5] [] [] [] c.c.p.worker.pipeline.PipelineParser - Parsed pipeline 'fixture-app' with 1 stage(s) from C:\Users\AANYAA~1\AppData\Local\Temp\cicd-it-workspaces6547362662063500399\job-it-failure-ad769aa7-2016-4a9e-abbc-07d7ab75fdf5\repo\pipeline.yml
2026-08-16 18:02:58.075 INFO  [org.springframework.amqp.rabbit.RabbitListenerEndpointContainer#0-2] [worker-local] [it-failure-ad769aa7-2016-4a9e-abbc-07d7ab75fdf5] [] [] [] c.c.p.w.execution.PipelineExecutor - Executing pipeline 'fixture-app' with 1 stage(s)
2026-08-16 18:02:58.076 INFO  [org.springframework.amqp.rabbit.RabbitListenerEndpointContainer#0-2] [worker-local] [it-failure-ad769aa7-2016-4a9e-abbc-07d7ab75fdf5] [build-test] [] [] c.c.p.worker.execution.StageExecutor - Starting stage [build-test] with 1 job(s)
2026-08-16 18:02:58.077 INFO  [org.springframework.amqp.rabbit.RabbitListenerEndpointContainer#0-2] [worker-local] [it-failure-ad769aa7-2016-4a9e-abbc-07d7ab75fdf5] [build-test] [maven-build] [] c.c.p.worker.execution.JobExecutor - Starting job [maven-build] with 1 step(s)
2026-08-16 18:02:58.081 INFO  [org.springframework.amqp.rabbit.RabbitListenerEndpointContainer#0-2] [worker-local] [it-failure-ad769aa7-2016-4a9e-abbc-07d7ab75fdf5] [main] [maven-build] [mvn] c.c.p.worker.execution.StepExecutor - Starting step [mvn] (RUN): mvn -B clean package
2026-08-16 18:03:01.441 WARN  [org.springframework.amqp.rabbit.RabbitListenerEndpointContainer#0-10] [] [] [] [] [] o.s.a.r.l.SimpleMessageListenerContainer - Consumer raised exception, processing can restart if the connection factory supports it. Exception summary: org.springframework.amqp.AmqpConnectException: java.net.ConnectException: Connection refused: getsockopt
2026-08-16 18:03:01.442 INFO  [org.springframework.amqp.rabbit.RabbitListenerEndpointContainer#0-11] [] [] [] [] [] o.s.a.r.c.CachingConnectionFactory - Attempting to connect to: [localhost:5672]
2026-08-16 18:03:01.457 WARN  [org.springframework.amqp.rabbit.RabbitListenerEndpointContainer#0-9] [] [] [] [] [] o.s.a.r.l.SimpleMessageListenerContainer - Consumer raised exception, processing can restart if the connection factory supports it. Exception summary: org.springframework.amqp.AmqpConnectException: java.net.ConnectException: Connection refused: getsockopt
2026-08-16 18:03:01.473 ERROR [org.springframework.amqp.rabbit.RabbitListenerEndpointContainer#0-11] [] [] [] [] [] o.s.a.r.l.SimpleMessageListenerContainer - Failed to check/redeclare auto-delete queue(s).
2026-08-16 18:03:01.473 INFO  [org.springframework.amqp.rabbit.RabbitListenerEndpointContainer#0-11] [] [] [] [] [] o.s.a.r.c.CachingConnectionFactory - Attempting to connect to: [localhost:5672]
2026-08-16 18:03:01.475 INFO  [org.springframework.amqp.rabbit.RabbitListenerEndpointContainer#0-12] [] [] [] [] [] o.s.a.r.c.CachingConnectionFactory - Attempting to connect to: [localhost:5672]
2026-08-16 18:03:01.476 ERROR [org.springframework.amqp.rabbit.RabbitListenerEndpointContainer#0-12] [] [] [] [] [] o.s.a.r.l.SimpleMessageListenerContainer - Failed to check/redeclare auto-delete queue(s).
2026-08-16 18:03:01.476 INFO  [org.springframework.amqp.rabbit.RabbitListenerEndpointContainer#0-12] [] [] [] [] [] o.s.a.r.c.CachingConnectionFactory - Attempting to connect to: [localhost:5672]
2026-08-16 18:03:02.047 WARN  [org.springframework.amqp.rabbit.RabbitListenerEndpointContainer#0-2] [worker-local] [it-failure-ad769aa7-2016-4a9e-abbc-07d7ab75fdf5] [] [] [] c.c.p.w.workspace.WorkspaceManager - Failed to delete C:\Users\AANYAA~1\AppData\Local\Temp\cicd-it-workspaces6547362662063500399\job-it-failure-ad769aa7-2016-4a9e-abbc-07d7ab75fdf5\repo\.git\objects\pack\pack-c947ce866cb23a67bf4953c4832a17f31129b51d.pack
2026-08-16 18:03:02.048 WARN  [org.springframework.amqp.rabbit.RabbitListenerEndpointContainer#0-2] [worker-local] [it-failure-ad769aa7-2016-4a9e-abbc-07d7ab75fdf5] [] [] [] c.c.p.w.workspace.WorkspaceManager - Failed to delete C:\Users\AANYAA~1\AppData\Local\Temp\cicd-it-workspaces6547362662063500399\job-it-failure-ad769aa7-2016-4a9e-abbc-07d7ab75fdf5\repo\.git\objects\pack\pack-c947ce866cb23a67bf4953c4832a17f31129b51d.idx
2026-08-16 18:03:02.048 WARN  [org.springframework.amqp.rabbit.RabbitListenerEndpointContainer#0-2] [worker-local] [it-failure-ad769aa7-2016-4a9e-abbc-07d7ab75fdf5] [] [] [] c.c.p.w.workspace.WorkspaceManager - Failed to delete C:\Users\AANYAA~1\AppData\Local\Temp\cicd-it-workspaces6547362662063500399\job-it-failure-ad769aa7-2016-4a9e-abbc-07d7ab75fdf5\repo\.git\objects\pack
2026-08-16 18:03:02.048 WARN  [org.springframework.amqp.rabbit.RabbitListenerEndpointContainer#0-2] [worker-local] [it-failure-ad769aa7-2016-4a9e-abbc-07d7ab75fdf5] [] [] [] c.c.p.w.workspace.WorkspaceManager - Failed to delete C:\Users\AANYAA~1\AppData\Local\Temp\cicd-it-workspaces6547362662063500399\job-it-failure-ad769aa7-2016-4a9e-abbc-07d7ab75fdf5\repo\.git\objects
2026-08-16 18:03:02.050 WARN  [org.springframework.amqp.rabbit.RabbitListenerEndpointContainer#0-2] [worker-local] [it-failure-ad769aa7-2016-4a9e-abbc-07d7ab75fdf5] [] [] [] c.c.p.w.workspace.WorkspaceManager - Failed to delete C:\Users\AANYAA~1\AppData\Local\Temp\cicd-it-workspaces6547362662063500399\job-it-failure-ad769aa7-2016-4a9e-abbc-07d7ab75fdf5\repo\.git
2026-08-16 18:03:02.050 WARN  [org.springframework.amqp.rabbit.RabbitListenerEndpointContainer#0-2] [worker-local] [it-failure-ad769aa7-2016-4a9e-abbc-07d7ab75fdf5] [] [] [] c.c.p.w.workspace.WorkspaceManager - Failed to delete C:\Users\AANYAA~1\AppData\Local\Temp\cicd-it-workspaces6547362662063500399\job-it-failure-ad769aa7-2016-4a9e-abbc-07d7ab75fdf5\repo
2026-08-16 18:03:02.051 WARN  [org.springframework.amqp.rabbit.RabbitListenerEndpointContainer#0-2] [worker-local] [it-failure-ad769aa7-2016-4a9e-abbc-07d7ab75fdf5] [] [] [] c.c.p.w.workspace.WorkspaceManager - Failed to delete C:\Users\AANYAA~1\AppData\Local\Temp\cicd-it-workspaces6547362662063500399\job-it-failure-ad769aa7-2016-4a9e-abbc-07d7ab75fdf5
2026-08-16 18:03:02.051 INFO  [org.springframework.amqp.rabbit.RabbitListenerEndpointContainer#0-2] [worker-local] [it-failure-ad769aa7-2016-4a9e-abbc-07d7ab75fdf5] [] [] [] c.c.p.w.workspace.WorkspaceManager - Cleaned up workspace C:\Users\AANYAA~1\AppData\Local\Temp\cicd-it-workspaces6547362662063500399\job-it-failure-ad769aa7-2016-4a9e-abbc-07d7ab75fdf5
2026-08-16 18:03:02.053 INFO  [org.springframework.amqp.rabbit.RabbitListenerEndpointContainer#0-2] [] [] [] [] [] c.c.p.w.m.PipelineResultPublisher - Published result for job it-failure-ad769aa7-2016-4a9e-abbc-07d7ab75fdf5 with status FAILED
2026-08-16 18:03:02.053 INFO  [org.springframework.amqp.rabbit.RabbitListenerEndpointContainer#0-2] [] [] [] [] [] c.c.p.w.m.PipelineJobConsumer - Acknowledged job it-failure-ad769aa7-2016-4a9e-abbc-07d7ab75fdf5 after 4054 ms with status FAILED
]]></system-out>
  </testcase>
  <testcase name="duplicateJobIsExecutedOnce" classname="com.cicd.platform.worker.messaging.RabbitMqFlowIT" time="10.116">
    <system-out><![CDATA[2026-08-16 18:03:03.542 INFO  [org.springframework.amqp.rabbit.RabbitListenerEndpointContainer#0-2] [] [] [] [] [] c.c.p.w.m.PipelineJobConsumer - Duplicate job it-dup-1fd47d8a-6f83-4cb3-9148-0a51ac48930c detected; skipping execution
2026-08-16 18:03:03.542 INFO  [org.springframework.amqp.rabbit.RabbitListenerEndpointContainer#0-1] [worker-local] [it-dup-1fd47d8a-6f83-4cb3-9148-0a51ac48930c] [] [] [] c.c.p.w.s.PipelineExecutionService - Received job: repository=file:///C:/Users/AANYAA~1/AppData/Local/Temp/cicd-fixture-repo-9425551859396761635/, commit=6667b6cf16b5863d9b272d2e9a219af4b1428b67
2026-08-16 18:03:03.545 INFO  [org.springframework.amqp.rabbit.RabbitListenerEndpointContainer#0-1] [worker-local] [it-dup-1fd47d8a-6f83-4cb3-9148-0a51ac48930c] [] [] [] c.c.p.w.workspace.WorkspaceManager - Created workspace C:\Users\AANYAA~1\AppData\Local\Temp\cicd-it-workspaces6547362662063500399\job-it-dup-1fd47d8a-6f83-4cb3-9148-0a51ac48930c
2026-08-16 18:03:03.638 INFO  [org.springframework.amqp.rabbit.RabbitListenerEndpointContainer#0-1] [worker-local] [it-dup-1fd47d8a-6f83-4cb3-9148-0a51ac48930c] [] [] [] c.c.p.worker.git.JGitGitService - Checked out commit 6667b6cf16b5863d9b272d2e9a219af4b1428b67 (branch main) from file:///C:/Users/AANYAA~1/AppData/Local/Temp/cicd-fixture-repo-9425551859396761635/
2026-08-16 18:03:03.638 INFO  [org.springframework.amqp.rabbit.RabbitListenerEndpointContainer#0-1] [worker-local] [it-dup-1fd47d8a-6f83-4cb3-9148-0a51ac48930c] [] [] [] c.c.p.w.s.PipelineExecutionService - Prepared repository at commit 6667b6cf16b5863d9b272d2e9a219af4b1428b67 (branch main)
2026-08-16 18:03:03.639 INFO  [org.springframework.amqp.rabbit.RabbitListenerEndpointContainer#0-1] [worker-local] [it-dup-1fd47d8a-6f83-4cb3-9148-0a51ac48930c] [] [] [] c.c.p.worker.pipeline.PipelineParser - Parsed pipeline 'fixture-app' with 1 stage(s) from C:\Users\AANYAA~1\AppData\Local\Temp\cicd-it-workspaces6547362662063500399\job-it-dup-1fd47d8a-6f83-4cb3-9148-0a51ac48930c\repo\pipeline.yml
2026-08-16 18:03:03.639 INFO  [org.springframework.amqp.rabbit.RabbitListenerEndpointContainer#0-1] [worker-local] [it-dup-1fd47d8a-6f83-4cb3-9148-0a51ac48930c] [] [] [] c.c.p.w.execution.PipelineExecutor - Executing pipeline 'fixture-app' with 1 stage(s)
2026-08-16 18:03:03.640 INFO  [org.springframework.amqp.rabbit.RabbitListenerEndpointContainer#0-1] [worker-local] [it-dup-1fd47d8a-6f83-4cb3-9148-0a51ac48930c] [build-test] [] [] c.c.p.worker.execution.StageExecutor - Starting stage [build-test] with 1 job(s)
2026-08-16 18:03:03.640 INFO  [org.springframework.amqp.rabbit.RabbitListenerEndpointContainer#0-1] [worker-local] [it-dup-1fd47d8a-6f83-4cb3-9148-0a51ac48930c] [build-test] [maven-build] [] c.c.p.worker.execution.JobExecutor - Starting job [maven-build] with 1 step(s)
2026-08-16 18:03:03.641 INFO  [org.springframework.amqp.rabbit.RabbitListenerEndpointContainer#0-1] [worker-local] [it-dup-1fd47d8a-6f83-4cb3-9148-0a51ac48930c] [main] [maven-build] [mvn] c.c.p.worker.execution.StepExecutor - Starting step [mvn] (RUN): mvn -B clean package
2026-08-16 18:03:06.553 WARN  [org.springframework.amqp.rabbit.RabbitListenerEndpointContainer#0-11] [] [] [] [] [] o.s.a.r.l.SimpleMessageListenerContainer - Consumer raised exception, processing can restart if the connection factory supports it. Exception summary: org.springframework.amqp.AmqpConnectException: java.net.ConnectException: Connection refused: getsockopt
2026-08-16 18:03:06.556 INFO  [org.springframework.amqp.rabbit.RabbitListenerEndpointContainer#0-13] [] [] [] [] [] o.s.a.r.c.CachingConnectionFactory - Attempting to connect to: [localhost:5672]
2026-08-16 18:03:06.559 ERROR [org.springframework.amqp.rabbit.RabbitListenerEndpointContainer#0-13] [] [] [] [] [] o.s.a.r.l.SimpleMessageListenerContainer - Failed to check/redeclare auto-delete queue(s).
2026-08-16 18:03:06.559 INFO  [org.springframework.amqp.rabbit.RabbitListenerEndpointContainer#0-13] [] [] [] [] [] o.s.a.r.c.CachingConnectionFactory - Attempting to connect to: [localhost:5672]
2026-08-16 18:03:06.568 WARN  [org.springframework.amqp.rabbit.RabbitListenerEndpointContainer#0-12] [] [] [] [] [] o.s.a.r.l.SimpleMessageListenerContainer - Consumer raised exception, processing can restart if the connection factory supports it. Exception summary: org.springframework.amqp.AmqpConnectException: java.net.ConnectException: Connection refused: getsockopt
2026-08-16 18:03:06.586 INFO  [org.springframework.amqp.rabbit.RabbitListenerEndpointContainer#0-14] [] [] [] [] [] o.s.a.r.c.CachingConnectionFactory - Attempting to connect to: [localhost:5672]
2026-08-16 18:03:06.599 ERROR [org.springframework.amqp.rabbit.RabbitListenerEndpointContainer#0-14] [] [] [] [] [] o.s.a.r.l.SimpleMessageListenerContainer - Failed to check/redeclare auto-delete queue(s).
2026-08-16 18:03:06.599 INFO  [org.springframework.amqp.rabbit.RabbitListenerEndpointContainer#0-14] [] [] [] [] [] o.s.a.r.c.CachingConnectionFactory - Attempting to connect to: [localhost:5672]
2026-08-16 18:03:08.114 WARN  [org.springframework.amqp.rabbit.RabbitListenerEndpointContainer#0-1] [worker-local] [it-dup-1fd47d8a-6f83-4cb3-9148-0a51ac48930c] [] [] [] c.c.p.w.workspace.WorkspaceManager - Failed to delete C:\Users\AANYAA~1\AppData\Local\Temp\cicd-it-workspaces6547362662063500399\job-it-dup-1fd47d8a-6f83-4cb3-9148-0a51ac48930c\repo\.git\objects\pack\pack-76124a576481748c0d039efa5dedabb564037470.pack
2026-08-16 18:03:08.115 WARN  [org.springframework.amqp.rabbit.RabbitListenerEndpointContainer#0-1] [worker-local] [it-dup-1fd47d8a-6f83-4cb3-9148-0a51ac48930c] [] [] [] c.c.p.w.workspace.WorkspaceManager - Failed to delete C:\Users\AANYAA~1\AppData\Local\Temp\cicd-it-workspaces6547362662063500399\job-it-dup-1fd47d8a-6f83-4cb3-9148-0a51ac48930c\repo\.git\objects\pack\pack-76124a576481748c0d039efa5dedabb564037470.idx
2026-08-16 18:03:08.115 WARN  [org.springframework.amqp.rabbit.RabbitListenerEndpointContainer#0-1] [worker-local] [it-dup-1fd47d8a-6f83-4cb3-9148-0a51ac48930c] [] [] [] c.c.p.w.workspace.WorkspaceManager - Failed to delete C:\Users\AANYAA~1\AppData\Local\Temp\cicd-it-workspaces6547362662063500399\job-it-dup-1fd47d8a-6f83-4cb3-9148-0a51ac48930c\repo\.git\objects\pack
2026-08-16 18:03:08.115 WARN  [org.springframework.amqp.rabbit.RabbitListenerEndpointContainer#0-1] [worker-local] [it-dup-1fd47d8a-6f83-4cb3-9148-0a51ac48930c] [] [] [] c.c.p.w.workspace.WorkspaceManager - Failed to delete C:\Users\AANYAA~1\AppData\Local\Temp\cicd-it-workspaces6547362662063500399\job-it-dup-1fd47d8a-6f83-4cb3-9148-0a51ac48930c\repo\.git\objects
2026-08-16 18:03:08.117 WARN  [org.springframework.amqp.rabbit.RabbitListenerEndpointContainer#0-1] [worker-local] [it-dup-1fd47d8a-6f83-4cb3-9148-0a51ac48930c] [] [] [] c.c.p.w.workspace.WorkspaceManager - Failed to delete C:\Users\AANYAA~1\AppData\Local\Temp\cicd-it-workspaces6547362662063500399\job-it-dup-1fd47d8a-6f83-4cb3-9148-0a51ac48930c\repo\.git
2026-08-16 18:03:08.117 WARN  [org.springframework.amqp.rabbit.RabbitListenerEndpointContainer#0-1] [worker-local] [it-dup-1fd47d8a-6f83-4cb3-9148-0a51ac48930c] [] [] [] c.c.p.w.workspace.WorkspaceManager - Failed to delete C:\Users\AANYAA~1\AppData\Local\Temp\cicd-it-workspaces6547362662063500399\job-it-dup-1fd47d8a-6f83-4cb3-9148-0a51ac48930c\repo
2026-08-16 18:03:08.117 WARN  [org.springframework.amqp.rabbit.RabbitListenerEndpointContainer#0-1] [worker-local] [it-dup-1fd47d8a-6f83-4cb3-9148-0a51ac48930c] [] [] [] c.c.p.w.workspace.WorkspaceManager - Failed to delete C:\Users\AANYAA~1\AppData\Local\Temp\cicd-it-workspaces6547362662063500399\job-it-dup-1fd47d8a-6f83-4cb3-9148-0a51ac48930c
2026-08-16 18:03:08.117 INFO  [org.springframework.amqp.rabbit.RabbitListenerEndpointContainer#0-1] [worker-local] [it-dup-1fd47d8a-6f83-4cb3-9148-0a51ac48930c] [] [] [] c.c.p.w.workspace.WorkspaceManager - Cleaned up workspace C:\Users\AANYAA~1\AppData\Local\Temp\cicd-it-workspaces6547362662063500399\job-it-dup-1fd47d8a-6f83-4cb3-9148-0a51ac48930c
2026-08-16 18:03:08.118 INFO  [org.springframework.amqp.rabbit.RabbitListenerEndpointContainer#0-1] [] [] [] [] [] c.c.p.w.m.PipelineResultPublisher - Published result for job it-dup-1fd47d8a-6f83-4cb3-9148-0a51ac48930c with status SUCCESS
2026-08-16 18:03:08.118 INFO  [org.springframework.amqp.rabbit.RabbitListenerEndpointContainer#0-1] [] [] [] [] [] c.c.p.w.m.PipelineJobConsumer - Acknowledged job it-dup-1fd47d8a-6f83-4cb3-9148-0a51ac48930c after 4564 ms with status SUCCESS
2026-08-16 18:03:11.668 WARN  [org.springframework.amqp.rabbit.RabbitListenerEndpointContainer#0-13] [] [] [] [] [] o.s.a.r.l.SimpleMessageListenerContainer - Consumer raised exception, processing can restart if the connection factory supports it. Exception summary: org.springframework.amqp.AmqpConnectException: java.net.ConnectException: Connection refused: getsockopt
2026-08-16 18:03:11.668 WARN  [org.springframework.amqp.rabbit.RabbitListenerEndpointContainer#0-14] [] [] [] [] [] o.s.a.r.l.SimpleMessageListenerContainer - Consumer raised exception, processing can restart if the connection factory supports it. Exception summary: org.springframework.amqp.AmqpConnectException: java.net.ConnectException: Connection refused: getsockopt
2026-08-16 18:03:11.670 INFO  [org.springframework.amqp.rabbit.RabbitListenerEndpointContainer#0-15] [] [] [] [] [] o.s.a.r.c.CachingConnectionFactory - Attempting to connect to: [localhost:5672]
2026-08-16 18:03:11.671 ERROR [org.springframework.amqp.rabbit.RabbitListenerEndpointContainer#0-15] [] [] [] [] [] o.s.a.r.l.SimpleMessageListenerContainer - Failed to check/redeclare auto-delete queue(s).
2026-08-16 18:03:11.672 INFO  [org.springframework.amqp.rabbit.RabbitListenerEndpointContainer#0-15] [] [] [] [] [] o.s.a.r.c.CachingConnectionFactory - Attempting to connect to: [localhost:5672]
2026-08-16 18:03:11.673 INFO  [org.springframework.amqp.rabbit.RabbitListenerEndpointContainer#0-16] [] [] [] [] [] o.s.a.r.c.CachingConnectionFactory - Attempting to connect to: [localhost:5672]
2026-08-16 18:03:11.714 ERROR [org.springframework.amqp.rabbit.RabbitListenerEndpointContainer#0-16] [] [] [] [] [] o.s.a.r.l.SimpleMessageListenerContainer - Failed to check/redeclare auto-delete queue(s).
2026-08-16 18:03:11.715 INFO  [org.springframework.amqp.rabbit.RabbitListenerEndpointContainer#0-16] [] [] [] [] [] o.s.a.r.c.CachingConnectionFactory - Attempting to connect to: [localhost:5672]
]]></system-out>
  </testcase>
</testsuite>